{"contracts\\NftMarketplace.sol":{"l":{"59":13,"60":13,"61":1,"63":12,"67":9,"68":9,"69":3,"71":6,"79":17,"80":17,"81":17,"82":3,"84":14,"104":11,"105":0,"107":11,"108":11,"109":1,"111":10,"112":10,"125":1,"126":1,"143":3,"144":3,"145":1,"153":2,"154":2,"155":2,"157":2,"176":1,"177":1,"184":2,"185":2,"186":1,"188":1,"189":1,"190":1,"191":0,"204":3,"208":2},"path":"C:\\Blockchain\\Projects\\freecodecamp\\hardhat-nft-marketplace\\contracts\\NftMarketplace.sol","s":{"1":13,"2":13,"3":9,"4":9,"5":17,"6":17,"7":17,"8":11,"9":11,"10":11,"11":10,"12":10,"13":1,"14":3,"15":3,"16":2,"17":2,"18":2,"19":1,"20":1,"21":2,"22":2,"23":1,"24":1,"25":1,"26":3,"27":2},"b":{"1":[1,12],"2":[3,6],"3":[3,14],"4":[0,11],"5":[1,10],"6":[1,2],"7":[1,1],"8":[0,1]},"f":{"1":13,"2":9,"3":17,"4":11,"5":1,"6":3,"7":1,"8":2,"9":3,"10":2},"fnMap":{"1":{"name":"notListed","line":54,"loc":{"start":{"line":54,"column":4},"end":{"line":64,"column":4}}},"2":{"name":"isListed","line":66,"loc":{"start":{"line":66,"column":4},"end":{"line":72,"column":4}}},"3":{"name":"isOwner","line":74,"loc":{"start":{"line":74,"column":4},"end":{"line":85,"column":4}}},"4":{"name":"listItem","line":103,"loc":{"start":{"line":97,"column":4},"end":{"line":113,"column":4}}},"5":{"name":"cancelListing","line":123,"loc":{"start":{"line":120,"column":4},"end":{"line":127,"column":4}}},"6":{"name":"buyItem","line":142,"loc":{"start":{"line":138,"column":4},"end":{"line":158,"column":4}}},"7":{"name":"updateListing","line":174,"loc":{"start":{"line":166,"column":4},"end":{"line":178,"column":4}}},"8":{"name":"withdrawProceeds","line":183,"loc":{"start":{"line":183,"column":4},"end":{"line":193,"column":4}}},"9":{"name":"getListing","line":199,"loc":{"start":{"line":199,"column":4},"end":{"line":205,"column":4}}},"10":{"name":"getProceeds","line":207,"loc":{"start":{"line":207,"column":4},"end":{"line":209,"column":4}}}},"statementMap":{"1":{"start":{"line":59,"column":8},"end":{"line":59,"column":64}},"2":{"start":{"line":60,"column":8},"end":{"line":60,"column":1725}},"3":{"start":{"line":67,"column":8},"end":{"line":67,"column":64}},"4":{"start":{"line":68,"column":8},"end":{"line":68,"column":1992}},"5":{"start":{"line":79,"column":8},"end":{"line":79,"column":41}},"6":{"start":{"line":80,"column":8},"end":{"line":80,"column":44}},"7":{"start":{"line":81,"column":8},"end":{"line":81,"column":2330}},"8":{"start":{"line":104,"column":8},"end":{"line":104,"column":3031}},"9":{"start":{"line":107,"column":8},"end":{"line":107,"column":41}},"10":{"start":{"line":108,"column":8},"end":{"line":108,"column":3172}},"11":{"start":{"line":111,"column":8},"end":{"line":111,"column":67}},"12":{"start":{"line":112,"column":8},"end":{"line":112,"column":63}},"13":{"start":{"line":126,"column":8},"end":{"line":126,"column":58}},"14":{"start":{"line":143,"column":8},"end":{"line":143,"column":67}},"15":{"start":{"line":144,"column":8},"end":{"line":144,"column":4444}},"16":{"start":{"line":153,"column":8},"end":{"line":153,"column":49}},"17":{"start":{"line":155,"column":8},"end":{"line":155,"column":83}},"18":{"start":{"line":157,"column":8},"end":{"line":157,"column":74}},"19":{"start":{"line":176,"column":8},"end":{"line":176,"column":55}},"20":{"start":{"line":177,"column":8},"end":{"line":177,"column":66}},"21":{"start":{"line":184,"column":8},"end":{"line":184,"column":49}},"22":{"start":{"line":185,"column":8},"end":{"line":185,"column":5934}},"23":{"start":{"line":188,"column":8},"end":{"line":188,"column":33}},"24":{"start":{"line":189,"column":8},"end":{"line":189,"column":72}},"25":{"start":{"line":190,"column":8},"end":{"line":190,"column":6137}},"26":{"start":{"line":204,"column":8},"end":{"line":204,"column":46}},"27":{"start":{"line":208,"column":8},"end":{"line":208,"column":33}}},"branchMap":{"1":{"line":60,"type":"if","locations":[{"start":{"line":60,"column":8},"end":{"line":60,"column":8}},{"start":{"line":60,"column":8},"end":{"line":60,"column":8}}]},"2":{"line":68,"type":"if","locations":[{"start":{"line":68,"column":8},"end":{"line":68,"column":8}},{"start":{"line":68,"column":8},"end":{"line":68,"column":8}}]},"3":{"line":81,"type":"if","locations":[{"start":{"line":81,"column":8},"end":{"line":81,"column":8}},{"start":{"line":81,"column":8},"end":{"line":81,"column":8}}]},"4":{"line":104,"type":"if","locations":[{"start":{"line":104,"column":8},"end":{"line":104,"column":8}},{"start":{"line":104,"column":8},"end":{"line":104,"column":8}}]},"5":{"line":108,"type":"if","locations":[{"start":{"line":108,"column":8},"end":{"line":108,"column":8}},{"start":{"line":108,"column":8},"end":{"line":108,"column":8}}]},"6":{"line":144,"type":"if","locations":[{"start":{"line":144,"column":8},"end":{"line":144,"column":8}},{"start":{"line":144,"column":8},"end":{"line":144,"column":8}}]},"7":{"line":185,"type":"if","locations":[{"start":{"line":185,"column":8},"end":{"line":185,"column":8}},{"start":{"line":185,"column":8},"end":{"line":185,"column":8}}]},"8":{"line":190,"type":"if","locations":[{"start":{"line":190,"column":8},"end":{"line":190,"column":8}},{"start":{"line":190,"column":8},"end":{"line":190,"column":8}}]}}},"contracts\\test\\BasicNft.sol":{"l":{"14":3,"18":15,"19":15,"20":15,"24":0,"25":0,"29":0},"path":"C:\\Blockchain\\Projects\\freecodecamp\\hardhat-nft-marketplace\\contracts\\test\\BasicNft.sol","s":{"1":3,"2":15,"3":15,"4":15,"5":0,"6":0,"7":0},"b":{"1":[0,0]},"f":{"1":3,"2":15,"3":0,"4":0},"fnMap":{"1":{"name":"constructor","line":13,"loc":{"start":{"line":13,"column":4},"end":{"line":15,"column":4}}},"2":{"name":"mintNft","line":17,"loc":{"start":{"line":17,"column":4},"end":{"line":21,"column":4}}},"3":{"name":"tokenURI","line":23,"loc":{"start":{"line":23,"column":4},"end":{"line":26,"column":4}}},"4":{"name":"getTokenCounter","line":28,"loc":{"start":{"line":28,"column":4},"end":{"line":30,"column":4}}}},"statementMap":{"1":{"start":{"line":14,"column":8},"end":{"line":14,"column":25}},"2":{"start":{"line":18,"column":8},"end":{"line":18,"column":44}},"3":{"start":{"line":19,"column":8},"end":{"line":19,"column":38}},"4":{"start":{"line":20,"column":8},"end":{"line":20,"column":42}},"5":{"start":{"line":24,"column":8},"end":{"line":24,"column":83}},"6":{"start":{"line":25,"column":8},"end":{"line":25,"column":24}},"7":{"start":{"line":29,"column":8},"end":{"line":29,"column":29}}},"branchMap":{"1":{"line":24,"type":"if","locations":[{"start":{"line":24,"column":8},"end":{"line":24,"column":8}},{"start":{"line":24,"column":8},"end":{"line":24,"column":8}}]}}}}