TN:
SF:C:\Blockchain\Projects\freecodecamp\hardhat-nft-marketplace\contracts\NftMarketplace.sol
FN:54,notListed
FN:66,isListed
FN:74,isOwner
FN:103,listItem
FN:123,cancelListing
FN:142,buyItem
FN:174,updateListing
FN:183,withdrawProceeds
FN:199,getListing
FN:207,getProceeds
FNF:10
FNH:10
FNDA:13,notListed
FNDA:9,isListed
FNDA:17,isOwner
FNDA:11,listItem
FNDA:1,cancelListing
FNDA:3,buyItem
FNDA:1,updateListing
FNDA:2,withdrawProceeds
FNDA:3,getListing
FNDA:2,getProceeds
DA:59,13
DA:60,13
DA:61,1
DA:63,12
DA:67,9
DA:68,9
DA:69,3
DA:71,6
DA:79,17
DA:80,17
DA:81,17
DA:82,3
DA:84,14
DA:104,11
DA:105,0
DA:107,11
DA:108,11
DA:109,1
DA:111,10
DA:112,10
DA:125,1
DA:126,1
DA:143,3
DA:144,3
DA:145,1
DA:153,2
DA:154,2
DA:155,2
DA:157,2
DA:176,1
DA:177,1
DA:184,2
DA:185,2
DA:186,1
DA:188,1
DA:189,1
DA:190,1
DA:191,0
DA:204,3
DA:208,2
LF:40
LH:38
BRDA:60,1,0,1
BRDA:60,1,1,12
BRDA:68,2,0,3
BRDA:68,2,1,6
BRDA:81,3,0,3
BRDA:81,3,1,14
BRDA:104,4,0,0
BRDA:104,4,1,11
BRDA:108,5,0,1
BRDA:108,5,1,10
BRDA:144,6,0,1
BRDA:144,6,1,2
BRDA:185,7,0,1
BRDA:185,7,1,1
BRDA:190,8,0,0
BRDA:190,8,1,1
BRF:16
BRH:14
end_of_record
TN:
SF:C:\Blockchain\Projects\freecodecamp\hardhat-nft-marketplace\contracts\test\BasicNft.sol
FN:13,constructor
FN:17,mintNft
FN:23,tokenURI
FN:28,getTokenCounter
FNF:4
FNH:2
FNDA:3,constructor
FNDA:15,mintNft
FNDA:0,tokenURI
FNDA:0,getTokenCounter
DA:14,3
DA:18,15
DA:19,15
DA:20,15
DA:24,0
DA:25,0
DA:29,0
LF:7
LH:4
BRDA:24,1,0,0
BRDA:24,1,1,0
BRF:2
BRH:0
end_of_record
